<?xml version="1.0" encoding="UTF-8"?>
<coverage generated="1611803945411" clover="3.2.0">
  <project timestamp="1611803945412" name="All files">
    <metrics statements="49" coveredstatements="0" conditionals="35" coveredconditionals="0" methods="14" coveredmethods="0" elements="98" coveredelements="0" complexity="0" loc="49" ncloc="49" packages="1" files="1" classes="1"/>
    <file name="js003.js" path="D:\Kevin\github\hex_jsDungeon\app\assets\js\js003.js">
      <metrics statements="49" coveredstatements="0" conditionals="35" coveredconditionals="0" methods="14" coveredmethods="0"/>
      <line num="7" count="0" type="stmt"/>
      <line num="8" count="0" type="stmt"/>
      <line num="9" count="0" type="stmt"/>
      <line num="11" count="0" type="stmt"/>
      <line num="13" count="0" type="stmt"/>
      <line num="16" count="0" type="cond" truecount="0" falsecount="2"/>
      <line num="17" count="0" type="stmt"/>
      <line num="20" count="0" type="stmt"/>
      <line num="26" count="0" type="stmt"/>
      <line num="30" count="0" type="cond" truecount="0" falsecount="2"/>
      <line num="31" count="0" type="stmt"/>
      <line num="34" count="0" type="stmt"/>
      <line num="35" count="0" type="cond" truecount="0" falsecount="2"/>
      <line num="36" count="0" type="stmt"/>
      <line num="38" count="0" type="stmt"/>
      <line num="39" count="0" type="stmt"/>
      <line num="42" count="0" type="stmt"/>
      <line num="43" count="0" type="stmt"/>
      <line num="44" count="0" type="cond" truecount="0" falsecount="2"/>
      <line num="45" count="0" type="stmt"/>
      <line num="47" count="0" type="cond" truecount="0" falsecount="2"/>
      <line num="48" count="0" type="stmt"/>
      <line num="51" count="0" type="stmt"/>
      <line num="52" count="0" type="cond" truecount="0" falsecount="2"/>
      <line num="53" count="0" type="stmt"/>
      <line num="59" count="0" type="stmt"/>
      <line num="62" count="0" type="stmt"/>
      <line num="65" count="0" type="stmt"/>
      <line num="69" count="0" type="stmt"/>
      <line num="70" count="0" type="cond" truecount="0" falsecount="2"/>
      <line num="71" count="0" type="stmt"/>
      <line num="72" count="0" type="cond" truecount="0" falsecount="19"/>
      <line num="84" count="0" type="stmt"/>
      <line num="85" count="0" type="stmt"/>
      <line num="86" count="0" type="stmt"/>
      <line num="88" count="0" type="stmt"/>
      <line num="89" count="0" type="stmt"/>
      <line num="90" count="0" type="stmt"/>
      <line num="95" count="0" type="stmt"/>
      <line num="96" count="0" type="stmt"/>
      <line num="97" count="0" type="stmt"/>
      <line num="98" count="0" type="stmt"/>
      <line num="101" count="0" type="stmt"/>
      <line num="102" count="0" type="stmt"/>
      <line num="104" count="0" type="stmt"/>
      <line num="105" count="0" type="stmt"/>
      <line num="107" count="0" type="stmt"/>
      <line num="119" count="0" type="stmt"/>
      <line num="120" count="0" type="stmt"/>
    </file>
  </project>
</coverage>
