{"D:\\Kevin\\github\\hex_jsDungeon\\app\\assets\\js\\js003.js": {"path":"D:\\Kevin\\github\\hex_jsDungeon\\app\\assets\\js\\js003.js","statementMap":{"0":{"start":{"line":7,"column":8},"end":{"line":7,"column":61}},"1":{"start":{"line":8,"column":8},"end":{"line":8,"column":62}},"2":{"start":{"line":9,"column":8},"end":{"line":9,"column":60}},"3":{"start":{"line":11,"column":8},"end":{"line":11,"column":27}},"4":{"start":{"line":13,"column":8},"end":{"line":13,"column":32}},"5":{"start":{"line":16,"column":8},"end":{"line":17,"column":76}},"6":{"start":{"line":17,"column":12},"end":{"line":17,"column":76}},"7":{"start":{"line":20,"column":21},"end":{"line":25,"column":9}},"8":{"start":{"line":26,"column":8},"end":{"line":26,"column":24}},"9":{"start":{"line":30,"column":8},"end":{"line":30,"column":49}},"10":{"start":{"line":30,"column":40},"end":{"line":30,"column":49}},"11":{"start":{"line":31,"column":8},"end":{"line":31,"column":91}},"12":{"start":{"line":31,"column":42},"end":{"line":31,"column":89}},"13":{"start":{"line":34,"column":23},"end":{"line":34,"column":25}},"14":{"start":{"line":35,"column":8},"end":{"line":38,"column":28}},"15":{"start":{"line":36,"column":12},"end":{"line":36,"column":33}},"16":{"start":{"line":38,"column":12},"end":{"line":38,"column":28}},"17":{"start":{"line":39,"column":8},"end":{"line":39,"column":21}},"18":{"start":{"line":42,"column":20},"end":{"line":42,"column":61}},"19":{"start":{"line":42,"column":26},"end":{"line":42,"column":61}},"20":{"start":{"line":42,"column":47},"end":{"line":42,"column":59}},"21":{"start":{"line":43,"column":21},"end":{"line":43,"column":34}},"22":{"start":{"line":44,"column":8},"end":{"line":47,"column":56}},"23":{"start":{"line":45,"column":12},"end":{"line":45,"column":32}},"24":{"start":{"line":47,"column":12},"end":{"line":47,"column":56}},"25":{"start":{"line":47,"column":40},"end":{"line":47,"column":56}},"26":{"start":{"line":48,"column":8},"end":{"line":48,"column":21}},"27":{"start":{"line":51,"column":22},"end":{"line":51,"column":41}},"28":{"start":{"line":52,"column":25},"end":{"line":52,"column":65}},"29":{"start":{"line":53,"column":8},"end":{"line":56,"column":9}},"30":{"start":{"line":59,"column":8},"end":{"line":59,"column":25}},"31":{"start":{"line":62,"column":8},"end":{"line":62,"column":21}},"32":{"start":{"line":65,"column":8},"end":{"line":65,"column":21}},"33":{"start":{"line":69,"column":17},"end":{"line":69,"column":21}},"34":{"start":{"line":70,"column":8},"end":{"line":70,"column":56}},"35":{"start":{"line":70,"column":50},"end":{"line":70,"column":56}},"36":{"start":{"line":71,"column":21},"end":{"line":71,"column":44}},"37":{"start":{"line":72,"column":8},"end":{"line":106,"column":9}},"38":{"start":{"line":84,"column":16},"end":{"line":84,"column":84}},"39":{"start":{"line":85,"column":16},"end":{"line":85,"column":55}},"40":{"start":{"line":86,"column":16},"end":{"line":86,"column":22}},"41":{"start":{"line":88,"column":16},"end":{"line":88,"column":67}},"42":{"start":{"line":89,"column":16},"end":{"line":89,"column":69}},"43":{"start":{"line":90,"column":16},"end":{"line":90,"column":22}},"44":{"start":{"line":95,"column":16},"end":{"line":95,"column":63}},"45":{"start":{"line":96,"column":16},"end":{"line":96,"column":42}},"46":{"start":{"line":97,"column":16},"end":{"line":97,"column":68}},"47":{"start":{"line":98,"column":16},"end":{"line":98,"column":22}},"48":{"start":{"line":101,"column":16},"end":{"line":101,"column":56}},"49":{"start":{"line":102,"column":16},"end":{"line":102,"column":22}},"50":{"start":{"line":104,"column":16},"end":{"line":104,"column":54}},"51":{"start":{"line":105,"column":16},"end":{"line":105,"column":22}},"52":{"start":{"line":107,"column":8},"end":{"line":107,"column":31}},"53":{"start":{"line":119,"column":10},"end":{"line":119,"column":25}},"54":{"start":{"line":120,"column":0},"end":{"line":120,"column":10}}},"fnMap":{"0":{"name":"(anonymous_0)","decl":{"start":{"line":6,"column":4},"end":{"line":6,"column":5}},"loc":{"start":{"line":6,"column":17},"end":{"line":14,"column":5}},"line":6},"1":{"name":"(anonymous_1)","decl":{"start":{"line":15,"column":4},"end":{"line":15,"column":5}},"loc":{"start":{"line":15,"column":10},"end":{"line":18,"column":5}},"line":15},"2":{"name":"(anonymous_2)","decl":{"start":{"line":19,"column":4},"end":{"line":19,"column":5}},"loc":{"start":{"line":19,"column":21},"end":{"line":27,"column":5}},"line":19},"3":{"name":"(anonymous_3)","decl":{"start":{"line":29,"column":4},"end":{"line":29,"column":5}},"loc":{"start":{"line":29,"column":17},"end":{"line":32,"column":5}},"line":29},"4":{"name":"(anonymous_4)","decl":{"start":{"line":31,"column":34},"end":{"line":31,"column":35}},"loc":{"start":{"line":31,"column":42},"end":{"line":31,"column":89}},"line":31},"5":{"name":"(anonymous_5)","decl":{"start":{"line":33,"column":4},"end":{"line":33,"column":5}},"loc":{"start":{"line":33,"column":24},"end":{"line":40,"column":5}},"line":33},"6":{"name":"(anonymous_6)","decl":{"start":{"line":41,"column":4},"end":{"line":41,"column":5}},"loc":{"start":{"line":41,"column":26},"end":{"line":49,"column":5}},"line":41},"7":{"name":"(anonymous_7)","decl":{"start":{"line":42,"column":20},"end":{"line":42,"column":21}},"loc":{"start":{"line":42,"column":26},"end":{"line":42,"column":61}},"line":42},"8":{"name":"(anonymous_8)","decl":{"start":{"line":42,"column":40},"end":{"line":42,"column":41}},"loc":{"start":{"line":42,"column":47},"end":{"line":42,"column":59}},"line":42},"9":{"name":"(anonymous_9)","decl":{"start":{"line":50,"column":4},"end":{"line":50,"column":5}},"loc":{"start":{"line":50,"column":27},"end":{"line":57,"column":5}},"line":50},"10":{"name":"(anonymous_10)","decl":{"start":{"line":58,"column":4},"end":{"line":58,"column":5}},"loc":{"start":{"line":58,"column":17},"end":{"line":60,"column":5}},"line":58},"11":{"name":"(anonymous_11)","decl":{"start":{"line":61,"column":4},"end":{"line":61,"column":5}},"loc":{"start":{"line":61,"column":18},"end":{"line":63,"column":5}},"line":61},"12":{"name":"(anonymous_12)","decl":{"start":{"line":64,"column":4},"end":{"line":64,"column":5}},"loc":{"start":{"line":64,"column":17},"end":{"line":66,"column":5}},"line":64},"13":{"name":"(anonymous_13)","decl":{"start":{"line":67,"column":4},"end":{"line":67,"column":5}},"loc":{"start":{"line":67,"column":13},"end":{"line":116,"column":5}},"line":67}},"branchMap":{"0":{"loc":{"start":{"line":16,"column":8},"end":{"line":17,"column":76}},"type":"if","locations":[{"start":{"line":16,"column":8},"end":{"line":17,"column":76}},{"start":{"line":16,"column":8},"end":{"line":17,"column":76}}],"line":16},"1":{"loc":{"start":{"line":30,"column":8},"end":{"line":30,"column":49}},"type":"if","locations":[{"start":{"line":30,"column":8},"end":{"line":30,"column":49}},{"start":{"line":30,"column":8},"end":{"line":30,"column":49}}],"line":30},"2":{"loc":{"start":{"line":33,"column":15},"end":{"line":33,"column":23}},"type":"default-arg","locations":[{"start":{"line":33,"column":21},"end":{"line":33,"column":23}}],"line":33},"3":{"loc":{"start":{"line":35,"column":8},"end":{"line":38,"column":28}},"type":"if","locations":[{"start":{"line":35,"column":8},"end":{"line":38,"column":28}},{"start":{"line":35,"column":8},"end":{"line":38,"column":28}}],"line":35},"4":{"loc":{"start":{"line":41,"column":14},"end":{"line":41,"column":25}},"type":"default-arg","locations":[{"start":{"line":41,"column":23},"end":{"line":41,"column":25}}],"line":41},"5":{"loc":{"start":{"line":44,"column":8},"end":{"line":47,"column":56}},"type":"if","locations":[{"start":{"line":44,"column":8},"end":{"line":47,"column":56}},{"start":{"line":44,"column":8},"end":{"line":47,"column":56}}],"line":44},"6":{"loc":{"start":{"line":47,"column":12},"end":{"line":47,"column":56}},"type":"if","locations":[{"start":{"line":47,"column":12},"end":{"line":47,"column":56}},{"start":{"line":47,"column":12},"end":{"line":47,"column":56}}],"line":47},"7":{"loc":{"start":{"line":52,"column":25},"end":{"line":52,"column":65}},"type":"cond-expr","locations":[{"start":{"line":52,"column":55},"end":{"line":52,"column":60}},{"start":{"line":52,"column":63},"end":{"line":52,"column":65}}],"line":52},"8":{"loc":{"start":{"line":70,"column":8},"end":{"line":70,"column":56}},"type":"if","locations":[{"start":{"line":70,"column":8},"end":{"line":70,"column":56}},{"start":{"line":70,"column":8},"end":{"line":70,"column":56}}],"line":70},"9":{"loc":{"start":{"line":72,"column":8},"end":{"line":106,"column":9}},"type":"switch","locations":[{"start":{"line":73,"column":12},"end":{"line":73,"column":21}},{"start":{"line":74,"column":12},"end":{"line":74,"column":21}},{"start":{"line":75,"column":12},"end":{"line":75,"column":21}},{"start":{"line":76,"column":12},"end":{"line":76,"column":21}},{"start":{"line":77,"column":12},"end":{"line":77,"column":21}},{"start":{"line":78,"column":12},"end":{"line":78,"column":21}},{"start":{"line":79,"column":12},"end":{"line":79,"column":21}},{"start":{"line":80,"column":12},"end":{"line":80,"column":21}},{"start":{"line":81,"column":12},"end":{"line":81,"column":21}},{"start":{"line":82,"column":12},"end":{"line":82,"column":21}},{"start":{"line":83,"column":12},"end":{"line":86,"column":22}},{"start":{"line":87,"column":12},"end":{"line":90,"column":22}},{"start":{"line":91,"column":12},"end":{"line":91,"column":28}},{"start":{"line":92,"column":12},"end":{"line":92,"column":25}},{"start":{"line":93,"column":12},"end":{"line":93,"column":24}},{"start":{"line":94,"column":12},"end":{"line":98,"column":22}},{"start":{"line":99,"column":12},"end":{"line":99,"column":22}},{"start":{"line":100,"column":12},"end":{"line":102,"column":22}},{"start":{"line":103,"column":12},"end":{"line":105,"column":22}}],"line":72}},"s":{"0":0,"1":0,"2":0,"3":0,"4":0,"5":0,"6":0,"7":0,"8":0,"9":0,"10":0,"11":0,"12":0,"13":0,"14":0,"15":0,"16":0,"17":0,"18":0,"19":0,"20":0,"21":0,"22":0,"23":0,"24":0,"25":0,"26":0,"27":0,"28":0,"29":0,"30":0,"31":0,"32":0,"33":0,"34":0,"35":0,"36":0,"37":0,"38":0,"39":0,"40":0,"41":0,"42":0,"43":0,"44":0,"45":0,"46":0,"47":0,"48":0,"49":0,"50":0,"51":0,"52":0,"53":0,"54":0},"f":{"0":0,"1":0,"2":0,"3":0,"4":0,"5":0,"6":0,"7":0,"8":0,"9":0,"10":0,"11":0,"12":0,"13":0},"b":{"0":[0,0],"1":[0,0],"2":[0],"3":[0,0],"4":[0],"5":[0,0],"6":[0,0],"7":[0,0],"8":[0,0],"9":[0,0,0,0,0,0,0,0,0,0,0,0,0,0,0,0,0,0,0]},"hash":"355ec7c2bd36581187c9365a2c8aad987df833b5"}
}
