{"D:\\Kevin\\github\\hex_jsDungeon\\app\\assets\\js\\js003.js": {"path":"D:\\Kevin\\github\\hex_jsDungeon\\app\\assets\\js\\js003.js","statementMap":{"0":{"start":{"line":19,"column":8},"end":{"line":19,"column":39}},"1":{"start":{"line":21,"column":8},"end":{"line":21,"column":35}},"2":{"start":{"line":23,"column":8},"end":{"line":23,"column":39}},"3":{"start":{"line":24,"column":8},"end":{"line":24,"column":26}},"4":{"start":{"line":25,"column":8},"end":{"line":25,"column":40}},"5":{"start":{"line":29,"column":19},"end":{"line":29,"column":23}},"6":{"start":{"line":30,"column":8},"end":{"line":33,"column":61}},"7":{"start":{"line":31,"column":12},"end":{"line":33,"column":61}},"8":{"start":{"line":39,"column":8},"end":{"line":48,"column":25}},"9":{"start":{"line":39,"column":49},"end":{"line":39,"column":58}},"10":{"start":{"line":41,"column":12},"end":{"line":48,"column":25}},"11":{"start":{"line":44,"column":24},"end":{"line":46,"column":28}},"12":{"start":{"line":52,"column":8},"end":{"line":52,"column":50}},"13":{"start":{"line":56,"column":8},"end":{"line":56,"column":26}},"14":{"start":{"line":60,"column":8},"end":{"line":60,"column":37}},"15":{"start":{"line":61,"column":8},"end":{"line":61,"column":36}},"16":{"start":{"line":65,"column":27},"end":{"line":65,"column":69}},"17":{"start":{"line":66,"column":8},"end":{"line":66,"column":45}},"18":{"start":{"line":70,"column":26},"end":{"line":70,"column":67}},"19":{"start":{"line":71,"column":8},"end":{"line":75,"column":78}},"20":{"start":{"line":72,"column":12},"end":{"line":72,"column":38}},"21":{"start":{"line":74,"column":12},"end":{"line":75,"column":78}},"22":{"start":{"line":79,"column":21},"end":{"line":85,"column":9}},"23":{"start":{"line":86,"column":8},"end":{"line":86,"column":24}},"24":{"start":{"line":96,"column":23},"end":{"line":96,"column":54}},"25":{"start":{"line":97,"column":8},"end":{"line":107,"column":9}},"26":{"start":{"line":100,"column":16},"end":{"line":103,"column":49}},"27":{"start":{"line":100,"column":41},"end":{"line":100,"column":53}},"28":{"start":{"line":101,"column":21},"end":{"line":103,"column":49}},"29":{"start":{"line":101,"column":44},"end":{"line":101,"column":56}},"30":{"start":{"line":102,"column":21},"end":{"line":103,"column":49}},"31":{"start":{"line":102,"column":38},"end":{"line":102,"column":50}},"32":{"start":{"line":103,"column":21},"end":{"line":103,"column":49}},"33":{"start":{"line":105,"column":16},"end":{"line":105,"column":76}},"34":{"start":{"line":105,"column":41},"end":{"line":105,"column":76}},"35":{"start":{"line":105,"column":64},"end":{"line":105,"column":76}},"36":{"start":{"line":106,"column":16},"end":{"line":106,"column":39}},"37":{"start":{"line":120,"column":22},"end":{"line":120,"column":65}},"38":{"start":{"line":120,"column":28},"end":{"line":120,"column":65}},"39":{"start":{"line":120,"column":52},"end":{"line":120,"column":64}},"40":{"start":{"line":121,"column":8},"end":{"line":122,"column":65}},"41":{"start":{"line":121,"column":35},"end":{"line":121,"column":52}},"42":{"start":{"line":122,"column":13},"end":{"line":122,"column":65}},"43":{"start":{"line":122,"column":40},"end":{"line":122,"column":65}},"44":{"start":{"line":123,"column":8},"end":{"line":123,"column":28}},"45":{"start":{"line":127,"column":29},"end":{"line":127,"column":55}},"46":{"start":{"line":129,"column":12},"end":{"line":131,"column":30}},"47":{"start":{"line":132,"column":8},"end":{"line":135,"column":9}},"48":{"start":{"line":139,"column":19},"end":{"line":139,"column":23}},"49":{"start":{"line":140,"column":8},"end":{"line":140,"column":36}},"50":{"start":{"line":141,"column":8},"end":{"line":141,"column":38}},"51":{"start":{"line":147,"column":19},"end":{"line":147,"column":23}},"52":{"start":{"line":148,"column":8},"end":{"line":152,"column":13}},"53":{"start":{"line":149,"column":12},"end":{"line":152,"column":13}},"54":{"start":{"line":153,"column":8},"end":{"line":153,"column":37}},"55":{"start":{"line":157,"column":8},"end":{"line":161,"column":9}},"56":{"start":{"line":158,"column":12},"end":{"line":158,"column":43}},"57":{"start":{"line":159,"column":12},"end":{"line":159,"column":39}},"58":{"start":{"line":160,"column":12},"end":{"line":160,"column":30}},"59":{"start":{"line":165,"column":23},"end":{"line":165,"column":31}},"60":{"start":{"line":166,"column":8},"end":{"line":166,"column":20}},"61":{"start":{"line":167,"column":8},"end":{"line":167,"column":21}},"62":{"start":{"line":171,"column":23},"end":{"line":171,"column":50}},"63":{"start":{"line":172,"column":20},"end":{"line":172,"column":46}},"64":{"start":{"line":172,"column":32},"end":{"line":172,"column":46}},"65":{"start":{"line":173,"column":8},"end":{"line":188,"column":13}},"66":{"start":{"line":174,"column":12},"end":{"line":187,"column":59}},"67":{"start":{"line":175,"column":16},"end":{"line":186,"column":17}},"68":{"start":{"line":177,"column":24},"end":{"line":177,"column":77}},"69":{"start":{"line":179,"column":24},"end":{"line":179,"column":77}},"70":{"start":{"line":181,"column":24},"end":{"line":181,"column":77}},"71":{"start":{"line":183,"column":24},"end":{"line":183,"column":77}},"72":{"start":{"line":185,"column":24},"end":{"line":185,"column":56}},"73":{"start":{"line":187,"column":19},"end":{"line":187,"column":59}},"74":{"start":{"line":192,"column":8},"end":{"line":192,"column":57}},"75":{"start":{"line":192,"column":51},"end":{"line":192,"column":57}},"76":{"start":{"line":193,"column":19},"end":{"line":193,"column":23}},"77":{"start":{"line":194,"column":23},"end":{"line":194,"column":46}},"78":{"start":{"line":195,"column":8},"end":{"line":237,"column":9}},"79":{"start":{"line":207,"column":16},"end":{"line":207,"column":56}},"80":{"start":{"line":208,"column":16},"end":{"line":208,"column":64}},"81":{"start":{"line":209,"column":16},"end":{"line":209,"column":21}},"82":{"start":{"line":211,"column":16},"end":{"line":211,"column":56}},"83":{"start":{"line":212,"column":16},"end":{"line":214,"column":17}},"84":{"start":{"line":215,"column":16},"end":{"line":215,"column":21}},"85":{"start":{"line":220,"column":16},"end":{"line":220,"column":60}},"86":{"start":{"line":221,"column":16},"end":{"line":221,"column":21}},"87":{"start":{"line":223,"column":16},"end":{"line":223,"column":41}},"88":{"start":{"line":224,"column":16},"end":{"line":224,"column":45}},"89":{"start":{"line":225,"column":16},"end":{"line":225,"column":32}},"90":{"start":{"line":226,"column":16},"end":{"line":226,"column":21}},"91":{"start":{"line":228,"column":16},"end":{"line":230,"column":17}},"92":{"start":{"line":231,"column":16},"end":{"line":231,"column":21}},"93":{"start":{"line":233,"column":16},"end":{"line":233,"column":60}},"94":{"start":{"line":234,"column":16},"end":{"line":234,"column":53}},"95":{"start":{"line":235,"column":16},"end":{"line":235,"column":45}},"96":{"start":{"line":236,"column":16},"end":{"line":236,"column":21}},"97":{"start":{"line":238,"column":8},"end":{"line":238,"column":30}}},"fnMap":{"0":{"name":"(anonymous_0)","decl":{"start":{"line":18,"column":4},"end":{"line":18,"column":5}},"loc":{"start":{"line":18,"column":31},"end":{"line":26,"column":5}},"line":18},"1":{"name":"(anonymous_1)","decl":{"start":{"line":28,"column":4},"end":{"line":28,"column":5}},"loc":{"start":{"line":28,"column":11},"end":{"line":34,"column":5}},"line":28},"2":{"name":"(anonymous_2)","decl":{"start":{"line":38,"column":4},"end":{"line":38,"column":5}},"loc":{"start":{"line":38,"column":18},"end":{"line":49,"column":5}},"line":38},"3":{"name":"(anonymous_3)","decl":{"start":{"line":43,"column":20},"end":{"line":43,"column":21}},"loc":{"start":{"line":44,"column":24},"end":{"line":46,"column":28}},"line":44},"4":{"name":"(anonymous_4)","decl":{"start":{"line":51,"column":4},"end":{"line":51,"column":5}},"loc":{"start":{"line":51,"column":23},"end":{"line":53,"column":5}},"line":51},"5":{"name":"(anonymous_5)","decl":{"start":{"line":55,"column":4},"end":{"line":55,"column":5}},"loc":{"start":{"line":55,"column":21},"end":{"line":57,"column":5}},"line":55},"6":{"name":"(anonymous_6)","decl":{"start":{"line":59,"column":4},"end":{"line":59,"column":5}},"loc":{"start":{"line":59,"column":22},"end":{"line":62,"column":5}},"line":59},"7":{"name":"(anonymous_7)","decl":{"start":{"line":64,"column":4},"end":{"line":64,"column":5}},"loc":{"start":{"line":64,"column":29},"end":{"line":67,"column":5}},"line":64},"8":{"name":"(anonymous_8)","decl":{"start":{"line":69,"column":4},"end":{"line":69,"column":5}},"loc":{"start":{"line":69,"column":28},"end":{"line":76,"column":5}},"line":69},"9":{"name":"(anonymous_9)","decl":{"start":{"line":78,"column":4},"end":{"line":78,"column":5}},"loc":{"start":{"line":78,"column":22},"end":{"line":87,"column":5}},"line":78},"10":{"name":"(anonymous_10)","decl":{"start":{"line":95,"column":4},"end":{"line":95,"column":5}},"loc":{"start":{"line":95,"column":25},"end":{"line":108,"column":5}},"line":95},"11":{"name":"(anonymous_11)","decl":{"start":{"line":119,"column":4},"end":{"line":119,"column":5}},"loc":{"start":{"line":119,"column":29},"end":{"line":124,"column":5}},"line":119},"12":{"name":"(anonymous_12)","decl":{"start":{"line":120,"column":22},"end":{"line":120,"column":23}},"loc":{"start":{"line":120,"column":28},"end":{"line":120,"column":65}},"line":120},"13":{"name":"(anonymous_13)","decl":{"start":{"line":120,"column":42},"end":{"line":120,"column":43}},"loc":{"start":{"line":120,"column":52},"end":{"line":120,"column":64}},"line":120},"14":{"name":"(anonymous_14)","decl":{"start":{"line":126,"column":4},"end":{"line":126,"column":5}},"loc":{"start":{"line":126,"column":41},"end":{"line":136,"column":5}},"line":126},"15":{"name":"(anonymous_15)","decl":{"start":{"line":138,"column":4},"end":{"line":138,"column":5}},"loc":{"start":{"line":138,"column":42},"end":{"line":142,"column":5}},"line":138},"16":{"name":"(anonymous_16)","decl":{"start":{"line":146,"column":4},"end":{"line":146,"column":5}},"loc":{"start":{"line":146,"column":49},"end":{"line":154,"column":5}},"line":146},"17":{"name":"(anonymous_17)","decl":{"start":{"line":156,"column":4},"end":{"line":156,"column":5}},"loc":{"start":{"line":156,"column":30},"end":{"line":162,"column":5}},"line":156},"18":{"name":"(anonymous_18)","decl":{"start":{"line":164,"column":4},"end":{"line":164,"column":5}},"loc":{"start":{"line":164,"column":28},"end":{"line":168,"column":5}},"line":164},"19":{"name":"(anonymous_19)","decl":{"start":{"line":170,"column":4},"end":{"line":170,"column":5}},"loc":{"start":{"line":170,"column":27},"end":{"line":189,"column":5}},"line":170},"20":{"name":"(anonymous_20)","decl":{"start":{"line":172,"column":20},"end":{"line":172,"column":21}},"loc":{"start":{"line":172,"column":32},"end":{"line":172,"column":46}},"line":172},"21":{"name":"(anonymous_21)","decl":{"start":{"line":173,"column":29},"end":{"line":173,"column":30}},"loc":{"start":{"line":173,"column":75},"end":{"line":188,"column":9}},"line":173},"22":{"name":"(anonymous_22)","decl":{"start":{"line":191,"column":4},"end":{"line":191,"column":5}},"loc":{"start":{"line":191,"column":13},"end":{"line":239,"column":5}},"line":191}},"branchMap":{"0":{"loc":{"start":{"line":30,"column":8},"end":{"line":33,"column":61}},"type":"if","locations":[{"start":{"line":30,"column":8},"end":{"line":33,"column":61}},{"start":{"line":30,"column":8},"end":{"line":33,"column":61}}],"line":30},"1":{"loc":{"start":{"line":39,"column":8},"end":{"line":48,"column":25}},"type":"if","locations":[{"start":{"line":39,"column":8},"end":{"line":48,"column":25}},{"start":{"line":39,"column":8},"end":{"line":48,"column":25}}],"line":39},"2":{"loc":{"start":{"line":71,"column":8},"end":{"line":75,"column":78}},"type":"if","locations":[{"start":{"line":71,"column":8},"end":{"line":75,"column":78}},{"start":{"line":71,"column":8},"end":{"line":75,"column":78}}],"line":71},"3":{"loc":{"start":{"line":71,"column":12},"end":{"line":71,"column":64}},"type":"binary-expr","locations":[{"start":{"line":71,"column":12},"end":{"line":71,"column":36}},{"start":{"line":71,"column":40},"end":{"line":71,"column":64}}],"line":71},"4":{"loc":{"start":{"line":75,"column":16},"end":{"line":75,"column":78}},"type":"cond-expr","locations":[{"start":{"line":75,"column":43},"end":{"line":75,"column":58}},{"start":{"line":75,"column":61},"end":{"line":75,"column":78}}],"line":75},"5":{"loc":{"start":{"line":95,"column":15},"end":{"line":95,"column":23}},"type":"default-arg","locations":[{"start":{"line":95,"column":21},"end":{"line":95,"column":23}}],"line":95},"6":{"loc":{"start":{"line":97,"column":8},"end":{"line":107,"column":9}},"type":"switch","locations":[{"start":{"line":98,"column":12},"end":{"line":98,"column":21}},{"start":{"line":99,"column":12},"end":{"line":103,"column":49}},{"start":{"line":104,"column":12},"end":{"line":106,"column":39}}],"line":97},"7":{"loc":{"start":{"line":100,"column":16},"end":{"line":103,"column":49}},"type":"if","locations":[{"start":{"line":100,"column":16},"end":{"line":103,"column":49}},{"start":{"line":100,"column":16},"end":{"line":103,"column":49}}],"line":100},"8":{"loc":{"start":{"line":101,"column":21},"end":{"line":103,"column":49}},"type":"if","locations":[{"start":{"line":101,"column":21},"end":{"line":103,"column":49}},{"start":{"line":101,"column":21},"end":{"line":103,"column":49}}],"line":101},"9":{"loc":{"start":{"line":102,"column":21},"end":{"line":103,"column":49}},"type":"if","locations":[{"start":{"line":102,"column":21},"end":{"line":103,"column":49}},{"start":{"line":102,"column":21},"end":{"line":103,"column":49}}],"line":102},"10":{"loc":{"start":{"line":105,"column":16},"end":{"line":105,"column":76}},"type":"if","locations":[{"start":{"line":105,"column":16},"end":{"line":105,"column":76}},{"start":{"line":105,"column":16},"end":{"line":105,"column":76}}],"line":105},"11":{"loc":{"start":{"line":105,"column":41},"end":{"line":105,"column":76}},"type":"if","locations":[{"start":{"line":105,"column":41},"end":{"line":105,"column":76}},{"start":{"line":105,"column":41},"end":{"line":105,"column":76}}],"line":105},"12":{"loc":{"start":{"line":119,"column":14},"end":{"line":119,"column":27}},"type":"default-arg","locations":[{"start":{"line":119,"column":25},"end":{"line":119,"column":27}}],"line":119},"13":{"loc":{"start":{"line":121,"column":8},"end":{"line":122,"column":65}},"type":"if","locations":[{"start":{"line":121,"column":8},"end":{"line":122,"column":65}},{"start":{"line":121,"column":8},"end":{"line":122,"column":65}}],"line":121},"14":{"loc":{"start":{"line":122,"column":13},"end":{"line":122,"column":65}},"type":"if","locations":[{"start":{"line":122,"column":13},"end":{"line":122,"column":65}},{"start":{"line":122,"column":13},"end":{"line":122,"column":65}}],"line":122},"15":{"loc":{"start":{"line":126,"column":30},"end":{"line":126,"column":39}},"type":"default-arg","locations":[{"start":{"line":126,"column":37},"end":{"line":126,"column":39}}],"line":126},"16":{"loc":{"start":{"line":129,"column":12},"end":{"line":131,"column":30}},"type":"cond-expr","locations":[{"start":{"line":130,"column":18},"end":{"line":130,"column":55}},{"start":{"line":131,"column":18},"end":{"line":131,"column":30}}],"line":129},"17":{"loc":{"start":{"line":146,"column":38},"end":{"line":146,"column":47}},"type":"default-arg","locations":[{"start":{"line":146,"column":45},"end":{"line":146,"column":47}}],"line":146},"18":{"loc":{"start":{"line":148,"column":8},"end":{"line":152,"column":13}},"type":"if","locations":[{"start":{"line":148,"column":8},"end":{"line":152,"column":13}},{"start":{"line":148,"column":8},"end":{"line":152,"column":13}}],"line":148},"19":{"loc":{"start":{"line":157,"column":8},"end":{"line":161,"column":9}},"type":"if","locations":[{"start":{"line":157,"column":8},"end":{"line":161,"column":9}},{"start":{"line":157,"column":8},"end":{"line":161,"column":9}}],"line":157},"20":{"loc":{"start":{"line":174,"column":12},"end":{"line":187,"column":59}},"type":"if","locations":[{"start":{"line":174,"column":12},"end":{"line":187,"column":59}},{"start":{"line":174,"column":12},"end":{"line":187,"column":59}}],"line":174},"21":{"loc":{"start":{"line":175,"column":16},"end":{"line":186,"column":17}},"type":"switch","locations":[{"start":{"line":176,"column":20},"end":{"line":177,"column":77}},{"start":{"line":178,"column":20},"end":{"line":179,"column":77}},{"start":{"line":180,"column":20},"end":{"line":181,"column":77}},{"start":{"line":182,"column":20},"end":{"line":183,"column":77}},{"start":{"line":184,"column":20},"end":{"line":185,"column":56}}],"line":175},"22":{"loc":{"start":{"line":192,"column":8},"end":{"line":192,"column":57}},"type":"if","locations":[{"start":{"line":192,"column":8},"end":{"line":192,"column":57}},{"start":{"line":192,"column":8},"end":{"line":192,"column":57}}],"line":192},"23":{"loc":{"start":{"line":195,"column":8},"end":{"line":237,"column":9}},"type":"switch","locations":[{"start":{"line":196,"column":12},"end":{"line":196,"column":21}},{"start":{"line":197,"column":12},"end":{"line":197,"column":21}},{"start":{"line":198,"column":12},"end":{"line":198,"column":21}},{"start":{"line":199,"column":12},"end":{"line":199,"column":21}},{"start":{"line":200,"column":12},"end":{"line":200,"column":21}},{"start":{"line":201,"column":12},"end":{"line":201,"column":21}},{"start":{"line":202,"column":12},"end":{"line":202,"column":21}},{"start":{"line":203,"column":12},"end":{"line":203,"column":21}},{"start":{"line":204,"column":12},"end":{"line":204,"column":21}},{"start":{"line":205,"column":12},"end":{"line":205,"column":21}},{"start":{"line":206,"column":12},"end":{"line":209,"column":21}},{"start":{"line":210,"column":12},"end":{"line":215,"column":21}},{"start":{"line":216,"column":12},"end":{"line":216,"column":28}},{"start":{"line":217,"column":12},"end":{"line":217,"column":25}},{"start":{"line":218,"column":12},"end":{"line":218,"column":24}},{"start":{"line":219,"column":12},"end":{"line":221,"column":21}},{"start":{"line":222,"column":12},"end":{"line":226,"column":21}},{"start":{"line":227,"column":12},"end":{"line":231,"column":21}},{"start":{"line":232,"column":12},"end":{"line":236,"column":21}}],"line":195}},"s":{"0":0,"1":0,"2":0,"3":0,"4":0,"5":0,"6":0,"7":0,"8":0,"9":0,"10":0,"11":0,"12":0,"13":0,"14":0,"15":0,"16":0,"17":0,"18":0,"19":0,"20":0,"21":0,"22":0,"23":0,"24":0,"25":0,"26":0,"27":0,"28":0,"29":0,"30":0,"31":0,"32":0,"33":0,"34":0,"35":0,"36":0,"37":0,"38":0,"39":0,"40":0,"41":0,"42":0,"43":0,"44":0,"45":0,"46":0,"47":0,"48":0,"49":0,"50":0,"51":0,"52":0,"53":0,"54":0,"55":0,"56":0,"57":0,"58":0,"59":0,"60":0,"61":0,"62":0,"63":0,"64":0,"65":0,"66":0,"67":0,"68":0,"69":0,"70":0,"71":0,"72":0,"73":0,"74":0,"75":0,"76":0,"77":0,"78":0,"79":0,"80":0,"81":0,"82":0,"83":0,"84":0,"85":0,"86":0,"87":0,"88":0,"89":0,"90":0,"91":0,"92":0,"93":0,"94":0,"95":0,"96":0,"97":0},"f":{"0":0,"1":0,"2":0,"3":0,"4":0,"5":0,"6":0,"7":0,"8":0,"9":0,"10":0,"11":0,"12":0,"13":0,"14":0,"15":0,"16":0,"17":0,"18":0,"19":0,"20":0,"21":0,"22":0},"b":{"0":[0,0],"1":[0,0],"2":[0,0],"3":[0,0],"4":[0,0],"5":[0],"6":[0,0,0],"7":[0,0],"8":[0,0],"9":[0,0],"10":[0,0],"11":[0,0],"12":[0],"13":[0,0],"14":[0,0],"15":[0],"16":[0,0],"17":[0],"18":[0,0],"19":[0,0],"20":[0,0],"21":[0,0,0,0,0],"22":[0,0],"23":[0,0,0,0,0,0,0,0,0,0,0,0,0,0,0,0,0,0,0]},"_coverageSchema":"1a1c01bbd47fc00a2c39e90264f33305004495a9","hash":"1e1904424910a31e923ae4288872129973b44bbd"}
}
